500
2 9887 2504 9668 6937 7921 747 8057 7830 7823 1489 9138
3 3841 8738 7252 2844 6809 8145 1002 4866 6505 9556 6534 8438 723 7179 2790 5762 4326
0 8147 5161 6066 9830 8725 21 2903 3254 9325 4419 970 1668 5097 4035 7949
7 7158 4083 4577 446 3264 7745 5770 6857 9426 6747 3584
9 7398 5610 688 8045 6495 6650 2205 2270 805 1025 1610 5838 7822 9404 8387
35 7738 3494 8003 4142 7677 8155 4259 3736 1472 5492 7384 2565 7553
14 4968 7879 701 38 544 1109 2954 390 3105 2432 7396 3964 2340
52 7965 5389 7693 5873 7972 3267 9811 7943 4128 5506 7020 3343 3416 1950 8609
66 3478 7999 3233 2091 9306 9747 2302 403 6812 3720
72 6746 6241 9653 6921 1463 8275 1142 9685 5171 4810 1315 6445 1959 8797 5003
15 809 9060 756 2326 1456 4053 2860 9391 6301 4187 2100 5255 1478 5721 2951 7874 6014 3111 5437
78 1778 3166 8701 6777 2459 7607 2255 8215 1675 2851 4070 8775 2569
81 5608 6152 5941 9657 4683 8339 4924 63 5443 689 9991
13 1252 9816 2794 2998 1615 1127 4014 881 2469 9922 1753 8445 9335 2929 5006 5341 3032 9545
33 9125 5974 664 5343 9817 7000 2410 4869 2383 3533 3783
20 5528 5354 118 1726 3522 9400 4000 6112 1928 933 7713
99 4251 8605 9835 3097 8 198 3418 2123 3375 408 4823 6875
121 6297 8107 6956 1119 9718 3451 5324 3069 4223 3508 3268 652
79 7506 4851 5361 3422 830 4202 8255 2207 4207 1644 9032 9483
4 7085 9020 2939 3129 1895 4212 3297 936 463 2769 6860 3661 2577 5772 9666 199 412 9007
133 3182 4841 3564 5615 5512 6774 9937 336 7614 146 8539
38 8457 5985 136 8598 1203 5482 7463 5611 6275 9900 3234 860 183 7880
122 5773 9254 8154 5135 7447 1828 1356 7301 6900 7338 6893 2271 5245 8920
5 4522 6652 5707 8906 6249 2619 6333 3555 8503 1475 3714 5752 5471 4020 2847 925 5412
107 7562 5302 441 7191 4934 1776 8549 2932 4835 6527 3653 5466 4307 394 6161
10 4251 5466 9537 6974 3414 7724 153 3292 5006 399 9244
6 4370 7959 4794 7327 5268 2738 9711 7646 5033 3869 6258 6458 3894
169 1982 6934 5348 7378 257 8772 5637 327 7623 9689 3842 4071
102 8675 7350 7931 6499 2368 8455 5913 5417 5477 2698 3155 4087 8625 6083 945 6731 9014 2422
193 956 3075 7445 4762 2152 4992 6307 1046 7134
155 693 8459 4763 5396 1559 5517 8507 2505 6304 5450 4399
146 8855 4740 5169 7617 3631 3447 2181 7571 7215 2526 1011 9713 719
136 4583 6109 6743 6776 7038 8199 196 4905 6374 7859 56 6354 4241 7072 1710
26 1697 5261 8419 1211 2138 1490 8337 1806 1255 5950 7981 232 3013 1734 5064
12 3565 5195 659 1508 4179 3082 5078 144 485 8014 8500 1956 7652
200 5236 6694 7651 4990 9754 8453 2421 6350 7156 8308 7105
8 3139 9504 6896 6866 276 7232 161 9466 574 2643 4765 79
16 2587 9193 5066 2632 6612 7157 9966 2003 4526 9545 3074
134 7427 1023 6813 1781 5173 8745 792 6868 2052
143 7342 5002 8953 5028 5768 6587 6224 8660 4407 9909 6202 3479 8622 6913 3158
166 8553 4652 9587 9356 5781 8957 2076 1284 5383 7806
223 1606 9620 6506 6985 170 7317 2248 1280 5374 9720
150 2004 7423 4766 5345 1522 9237 8456 1821 7728 9644 5769 6988 4151
28 4337 6336 1761 1547 8809 4109 9538 5336 3780 6637 6885 1721 2630 9848
156 7037 4496 7828 1443 7356 6602 9775 7272 2111 2393 5176 190 3352 8702 2349 937 6153
218 2984 5853 739 1576 9506 8774 2083 8636 256 2136 8484
48 8409 4565 3387 9108 7681 9893 1674 3128 1592 6086 753 2155
238 4668 7587 4769 9590 9092 7385 5333 5625 6639 5193
53 4805 3262 556 8581 6407 4323 3923 2012 1055 8732 8288 6961 1066 7880
225 3620 5390 4480 4693 2709 877 4885 8753 2505 4736 3706 2392 3429 2518
21 7687 2523 3345 3563 169 7803 6756 9953 9866 1267 1176 7429 3982 6938
68 6647 4231 8950 5258 1324 187 5542 6814 949 1343
23 962 9326 8041 1543 7642 6628 5226 1019 4727 6073 979
73 3150 9132 7593 1943 2284 3078 5912 7837 289 8388 1209 1476 6829 2704 8711
36 5834 449 7274 1115 7499 7287 7482 2166 4942 9669 1984
276 7062 229 8091 184 8621 811 9857 4956 8708 469
272 7516 9878 3033 9211 6130 9015 5760 5327 1738 5240 1075 9275 787 1142 7280
44 9987 5473 2541 372 5126 7924 687 1394 1588 1434 6838 6701 783 9075
264 8098 6374 6993 8269 9582 4822 5231 7409 3086 779 9628 8177 9187 6662 1791 3172 3050
65 6464 2515 1616 5495 3381 4738 5067 7139 6113 1507 3543
126 6517 6660 8208 6239 4714 4576 452 7104 5162 5322
90 4519 3696 1201 3428 4159 3895 9209 4205 8287 9687 5996 9540 4286 1125
298 864 407 672 9762 6143 6594 3530 4270 2309
151 4634 3009 9460 3323 4280 5408 6108 1081 1844 8966 6485 9803 9607
132 5044 4296 827 1214 779 2781 2307 2498 7654 6511 4561 2437
293 9437 1902 1759 8072 2680 9045 104 4422 2877 5996 8313
231 1629 7925 7901 2503 7273 4253 5977 751 5679 6528
19 2046 348 9280 2863 204 243 9788 4349 5379 9431 7883 2288
167 4594 7769 2222 5419 9632 9961 3391 2696 4410 270 7865 3330 2407
297 470 2969 7032 5188 5392 5561 2027 4435 2438 3967 4828
287 3058 6436 213 1038 8845 6722 5015 6151 6219 9132 9205
123 1757 6231 7490 8195 7719 7329 8092 3011 5724 1181 2243 3837 7313 6470 8910
165 6033 924 871 8578 6429 9308 9390 9721 4856 100 8290 3077
202 4478 4678 9896 7290 598 6965 4674 4042 8867 6927 1736 3981
93 1193 7165 6796 4936 240 5274 4653 4416 6438 133 3521
247 4940 3475 6628 9778 2642 3470 1432 4783 5922 400 7892 4081 7314 476
240 8746 1407 3339 3291 1174 6666 8937 4600 1581 4302 3450 6343 1175 6949 4749 6073 6170
46 6683 4564 6971 5905 5309 6711 7422 6525 1056 6905 4829 674 7992 8644
254 8980 8060 9342 2262 6068 3718 4978 3145 9382 252 9071 1874 7899 5652 135
305 3539 538 4068 2113 9865 3693 3516 1594 3314 1619 5577 7722 9735 6541 790 675 4079
306 8501 6496 1392 9870 198 9316 2449 7912 4145 9690 2071 9008
316 2213 4293 7501 1370 255 4890 4702 7190 9610 5995 8253 456 4907
88 5659 1618 7249 8773 8176 3192 616 5247 1304 5678 2380 1238
325 2086 846 4160 3891 8914 3442 4974 4254 2922 1762
311 7872 3774 9276 3655 508 4687 8697 4681 3338 7454 8065 46
333 797 4734 3861 6801 2035 4754 1003 5444 3079 4843
11 1474 8076 4583 1104 5228 179 829 474 8373 1067 2978 5317 1293 2345 7791 8212 2327 321
327 4880 6727 6257 3326 8998 2046 9334 342 3 7920 5976 2320 2310 523
203 9240 8422 8025 2529 6475 7559 2382 7839 1640 9461
331 1582 8769 2606 6410 8755 4631 8951 5369 1929 4134
30 9935 6558 9619 6205 5009 889 590 74 5566 1609 9291 9317 5445 8495 7120
310 2105 8349 3361 9636 9184 3449 4271 9223 1614 3080 6201 8227
109 3639 2082 7243 9423 9541 8975 1824 1947 819 2708 4232 7123 8105 9301
207 2861 3963 4230 5936 7675 4122 8899 3191 2618 215 3939 1750
347 7245 6323 2059 7842 9235 6520 3852 2590 1939 7051 7209 966 9273
56 4413 3815 9567 386 4262 3517 8607 4284 569
37 4443 5240 4706 529 4281 8915 4986 326 976 692 1981 7413
361 6555 294 1597 9420 2051 727 1359 5107 9096
365 7925 6724 8357 7473 9066 8820 750 5246 1340 8887
62 7951 7354 6471 9074 3907 5549 7186 3570 9377 9467 732 5848
24 7428 8347 482 8683 3910 964 5671 4353 2821 6013 9425 6744 3877 7153
340 3293 9090 7160 4868 2148 4356 4741 3562 9056 9233 5839 4778 7538 2611
376 8803 454 9593 5582 888 1050 2919 7090 383 3059 7946 1259 9476 1852
175 7915 1488 4330 992 2127 1115 1465 4182 4950 4222 7902
351 1513 5043 5381 5474 6222 9790 30 9623 2014 6492 2886 4575 8590 7045 7787 7922
349 3406 6824 5252 3041 8521 858 528 8990 9874 8594 2139 1260
372 130 6536 4358 740 3443 6616 1118 8109 9756 6024 3943 7796 299
113 9805 3966 4028 5840 1692 6675 8513 7059 7783 5624 1031 4985
371 262 396 9484 8295 6078 7993 2430 7028 4981 8157
363 6655 7857 5683 5399 6207 1492 134 5085 286 1725 397 3405 8189
335 9601 9372 7690 1128 6963 5894 26 9509 3360 1101 5138 4177 5239 1571
49 4891 2864 3499 526 6755 0 9711 6932 1862 4870 8844 1534
195 9833 3469 6633 9391 5093 6389 8261 983 5468 1605 7185 1557
70 9631 2575 9176 1533 6585 3629 7072 5300 9896 9700 2935 7285 9139 2327
120 1433 5336 1129 126 5425 8018 9024 5297 9145 4771 3379 8716
387 9088 7488 2249 3845 351 5228 9020 1925 7685 5690 1931 1546
22 661 128 6444 7282 5279 6872 9477 9709 2155 7732 6613
152 781 9883 6200 6236 9561 4082 6502 1040 6806 5256 6293 4912 4679
385 3021 1712 6595 2893 1677 7408 9801 4619 1007 9627 6915 683 6139
158 9882 4318 5491 2417 6392 4301 4357 2724 5434 2537 1524
401 8717 1888 1002 3962 4466 3802 1785 2268 5912
262 8199 5672 2671 333 5640 5319 5957 5872 9970 8512
395 9699 4876 1849 3385 8152 244 8572 7604 7670 8496 287 7749 6830 8922
413 8988 8330 4149 458 9957 43 2770 6051 9844 8522 2002 828 1523
185 953 78 9398 1017 9234 2714 9395 2715 4127 5215 4541 7253 4958
153 9862 3066 2874 3202 9581 6696 3132 5144 2398 4315 6821 8344 4377
421 8004 7849 2681 884 8768 3551 6871 6595 7224 6648 7821 5401 4021
217 1587 3654 5102 4832 5666 1873 6617 5371 8983 5903 5038 8487
252 9727 531 8770 4331 900 6948 229 8412 5492 8256 8235
418 8199 2815 6553 6914 7100 2230 7996 8884 6608
422 1899 2515 6272 1424 8636 2887 9449 5795 5614 1481 9819 9428 6060
263 9450 2772 1529 7416 5019 1565 3694 1022 4886 6270
142 6730 6651 9222 167 9787 1772 4573 6089 3545 1380 6126 7409 7536 6297 7077 2615
408 4159 1595 1714 1574 7840 2209 3160 9939 6300 9688 7765 8223 8979 2840 6178
439 3960 2722 2849 5799 8929 6214 4120 5375 9849 6401
430 3769 2305 1044 9062 2116 3744 3721 2968 8993 5459 8598 7221 1341 2537
248 2914 6658 6605 1806 2578 7222 7537 2159 8441 8365 393 1923 7155 4607 7349 3089 8663
1 3591 3420 9718 8793 4904 6092 7493 3634 8267 7513 1477 7630 2414 1979 2962
412 360 4983 8847 6906 7247 2820 7582 4469 8765 9682 6914 8174
279 2602 5168 5953 7109 944 5876 9604 2026 5394 3900 1396 7126 9023
432 5774 3085 494 5158 163 1480 1655 3717 1034 3572 6627
441 9768 4479 9065 996 3931 6025 7969 1988 3733 5132
61 1814 268 3959 6166 7663 3879 2952 416 5375 9498 8221 9930 8005
438 4969 6235 6457 7196 6058 4550 1122 7362 1858
277 1298 9413 2779 4969 690 2568 2653 5046 120 8579 8423 2735 3395
292 1766 923 6426 6019 3805 2990 9493 3183 1026 9322 3035 8396
182 7455 618 9621 1389 575 5597 8540 1468 4090 9528 4386 9013
328 8963 787 9475 6265 4304 6741 5311 551 4671 1425 402 3113
245 3503 3484 3135 121 3160 308 179 9965 3653 9256 6599 7170 6817 4294 5917
89 8992 8481 6329 7638 4224 9487 1584 3500 6504 6385 5437
170 9531 565 936 9853 5819 8942 8383 9358 9518 9299
467 4525 6419 7261 6767 4444 189 5418 5007 4559 6368 1690 5756 1572
191 2959 7650 6181 618 4625 1388 6468 7611 3672 7266
106 9278 6238 3490 5388 9396 2111 1586 9171 1239 3821 2589 4180 7709
50 7309 4157 3523 2140 3538 3306 4189 1303 1430 9268 3976 745
253 7923 9782 1412 5570 9290 755 4613 989 329 3804 7374 6729 1912 1375 1289
454 5021 5603 503 6600 365 6015 5508 5347 1882 1276 7602 7056 9908 9003
280 1824 1321 2376 2033 212 3669 4146 9005 520 5511 502 8022 3537 5448 7782
17 442 342 9981 4246 2314 9827 4303 1876 3942 3303 8406 2
437 2832 633 3266 6783 8890 4424 8661 5094 7970 6555 9444
474 7591 8052 4248 6781 9249 4099 1410 1695 2493 4258
464 320 8415 7111 8759 3978 8525 9259 799 2957 6060
183 7995 3072 1210 9602 8463 9701 8661 2031 2389 8477 634 3497 7335 6672
477 8767 2272 6433 1628 1335 8771 7660 4839 9355 1504
450 7366 8054 2682 2551 728 7661 620 1567 7092 9393 3331 3495 3651 7481
291 426 4816 4451 8151 1827 2386 2808 9859 5309 952 847
210 9924 7261 6564 1663 4372 246 9025 6964 3057 4646 4511 1580 9940 9990
470 2006 4088 4196 4543 5591 3230 7178 3356 8961 6057 5258 2256 9836
488 3288 7505 9286 8736 4278 3549 7621 5934 7867 4113 9014
41 6587 6497 8923 8754 5358 6916 789 6831 1528 3568 2829 7512 7349 6547
492 3693 827 8476 9928 4089 4303 5754 7527 8515 910
341 4689 2812 2852 3418 7084 2775 1361 6689 3997 4431 116
186 8793 1627 968 1829 2385 107 2359 4398 6195 6180 2892
267 7520 4452 1021 496 4148 9026 5001 6092 636 6670 7029 4958
300 2445 9454 1165 3772 9850 9798 6519 604 8527 9377 941 3159 3561 6161
478 3463 5578 7343 9262 6085 5366 2211 1047 6221 8571 67 6592 5710 1079
256 4062 2313 6309 7680 9583 5262 3951 6146 8091 9425 1557
18 7119 1191 7065 4806 4692 4946 9232 3729 1111 3867 7725 3830 2240
466 7292 9022 5856 414 3494 58 6379 5368 7428 2911 3905
196 7348 3695 5536 7189 8891 5500 4502 8426 9942 2220 1740 4909
375 4764 3182 229 2770 308 2955 4431 1283 1493 5896 84
125 4059 3754 2584 2640 6330 7800 5411 3001 8688 4821 7445 352 9848
323 6556 9552 3424 3681 9492 2548 5680 9520 6718 4494 1149
139 8758 3423 4546 2972 6754 2107 1421 8973 2952 8281 5514 9374 2327
243 8678 6072 5048 8517 8650 6840 5281 8294 356 4433 1555 5163 3586
288 8785 3529 7502 7844 6854 2324 7558 2723 1337 1780 4377
356 2015 50 9146 5614 5084 5210 8407 7615 374
348 9455 3055 6055 9577 9712 2481 6090 1397 3204 726 9573
314 2440 9656 5593 6005 6206 9166 5622 1687 832 6975 4695 7285
324 7375 9041 3972 7141 8479 4220 4716 2871 6427 3137 5921 4092 3190 6458
370 4132 940 3859 6315 9207 4553 4744 2202 7815 8920
360 9890 9417 3456 8749 8608 6383 9525 5117 2916 8233 1934
483 4019 6925 3829 5100 1212 5697 4931 8246 7106 2750 6978
377 3615 8466 8962 5695 453 3764 6883 1885 7284 504 466 5979 4948 4824
499 1648 1521 1082 8606 680 966 1451 9821 5499 1562 1900 2158
497 2435 1894 9343 1320 9976 9698 5187 7716 3571 6551 4362
346 2331 5468 1605 4704 8595 5895 6234 6849 3698 5299 6423 8069
273 649 506 2402 8996 8385 5065 446 2342 4542 7041 794 1831 4624
380 9462 2687 7841 9226 4563 7673 4492 8122 5314 1477 3135 9036 4343 4129
453 8216 4767 8341 6345 4001 2370 8318 9380 7351 9120 5783
274 4309 1109 1486 6531 1648 248 6607 8184 8900 1731
303 124 3635 2293 7831 6137 2403 4264 9855 7735 1308 3280 8015 456 1454
406 102 3742 6160 1839 1346 7607 7302 9147 3098 1662 5069 1093 4336 4359 88 4151
382 3472 1285 271 5600 8943 5167 3734 4618 1722 4539
307 146 8404 7025 7705 8156 7202 7184 2051 8317 6082
197 734 8297 3125 8587 4871 6149 4198 1501 2553 5755 2567 3662 7172 457 6134
110 5803 350 6188 191 9967 5203 849 8605 35 7737 6545 7669 4352
261 8551 3219 9724 430 621 6717 4474 9070 5335 2950 9182 5907 8722
67 6346 4072 3849 7813 5545 1461 2626 7262 4070 3368 9892 2668 4378 2768 5340
164 6442 335 8500 2865 9030 5283 6494 1416 590 7082 4047 3023
101 2844 8147 4789 3547 948 1360 1138 3605 666 7572 7019 3106 4901
105 8042 1717 1377 8024 7455 6052 4766 1992 9201 8168 6836 6952 7771 6258
393 4649 3046 1619 3740 1249 879 7275 5990 3454 8299 7583 1658 7206 7204 5446
398 1251 5022 2942 81 1789 4152 7330 3373 731 7548 7137 9265
444 6869 8471 2387 1994 4257 7195 4578 1765 1057 2226 7789 2001 6611
281 605 4499 4975 3068 3606 9694 7891 2593 8031 6778
411 5890 4613 1279 9626 591 4049 2394 1927 9751 5451
222 9863 2695 9958 2171 7946 8909 7469 1231 5658 7888 5441 3119 3602
127 9630 9681 1798 2625 129 4013 2141 1879 8897 7613 8800 7069 6424 6967 3543
391 3776 4456 7326 9004 2358 9392 7027 4743 4722 3580 5061 7636 4643 7971 3703 3004
265 677 9372 5024 3453 3271 1094 6805 5901 8247 2945 7411 9224
407 5540 5970 8555 301 4226 1303 8225 1599 4720 8726 4548 1510 3363 105
313 1483 824 1512 7383 6265 8884 7103 6263 155 5189 8087 7135 6296
486 8576 4609 696 6016 4243 6966 3247 9815 1978 5503 247 2010 3427
27 975 2721 4289 4406 519 9814 4899 7229 9295 9955 2986 935
174 3858 5250 2620 4493 4508 1316 8558 8504 900 1904 3926 732 2013
423 7164 5983 1291 1517 2751 3862 6320 2920 5556 4811 2595 780
31 5013 1544 4535 3874 7634 260 165 5123 9076 6855 8284 8994 2240
271 8194 5057 1506 4634 7080 7917 689 1327 3140 8053 1429
425 6720 8467 1660 2854 3848 3548 7430 1148 9008 3006
190 8806 7307 9155 8490 516 6759 547 4615 111 304 2030 2651 4352
446 3180 391 5949 9876 9068 5574 258 9375 5026 6765 6465
181 7380 1102 6884 4796 9884 414 1810 9073 5623 1797 8559 259
493 5486 9769 1244 9298 7595 1076 6710 6581 5365 4401 4539
352 6399 4297 9929 3003 4275 4960 5305 4360 1809 376 9160
278 4471 7249 9660 649 122 8489 4673 224 5418 468 7055
334 1208 9028 4742 8706 6626 875 5519 3143 3415 3616 2144 2634 3520 8332 205
45 3573 1569 2530 5591 6192 8217 4935 2539 7166 8521 6671 9270 2904 8830 7055 935
80 5505 7603 8810 8066 421 6239 811 9875 9906 2080 753 7296
51 5984 7006 3392 175 4030 2678 4193 2328 154 2192 425 838 3012
394 8476 1417 119 8604 1530 9095 48 2174 3095 6482
40 4012 5914 3759 3696 5269 7928 6708 3034 3913 6412 5898 3830 7153
414 930 3235 9481 8695 1511 1326 8856 1032 1893 8381 8764 8498
440 537 4782 2037 2918 4871 1428 681 9135 9356 9946 1685 9478 105
25 3604 197 4673 1840 3217 1321 36 2286 802 2897 3316 9842 5715
426 9526 3763 501 5854 2510 3935 5294 4846 6552 4621 1961 450
232 8079 4748 8422 3813 8481 7900 2864 47 6321 5383 7736
29 216 9135 564 7882 5076 5045 2104 5465 5150 913 5527 8995 2377 1613 6692 2
309 4158 4808 8900 3965 6560 1264 4503 4999 6704 4908 2019 6986
226 9986 3824 1716 6837 96 1253 2408 7048 9281 5342 8367 7936 3061 1105
69 6958 8443 6861 5967 3972 5051 7063 9640 9780 5881 2160 9453 5748
359 576 1236 6566 5829 6904 2124 7509 9140 6402 3880 6141
299 9099 5073 1000 6133 387 4200 6826 5209 9615
83 8143 173 6247 5355 6816 4581 3813 2991 2176 7013 8145 412 5507
337 5812 4498 3565 5027 334 5618 8099 2803 5909 784 8193
282 223 2221 2471 7660 9149 8926 5337 7908 3883 2489 3885
443 7697 7010 7281 137 2746 7440 324 3918 8391 2041 2057 9990
460 5118 6243 1312 7154 1130 8245 4038 5032 117 3567 5005 9852
378 2557 8059 1116 1168 363 1641 1200 8742 8935 2305 1383
459 8541 5938 957 3424 1539 2451 3493 9315 6197 1705 8231 817 5871 625
295 9683 8291 746 315 9098 7935 5865 6289 6977 5992 9197
86 2798 490 2930 5828 8548 8040 6665 5575 1266 9470 2538 1822 9733 8134
308 7489 9945 3290 6266 8871 4051 8094 4085 1686 5973 7477 5713 329 6669 8880 1121
57 7390 6380 3596 1952 9457 4635 2901 8348 4854 1803 4295 8183 2555
338 8658 3481 4542 5926 3134 8242 2092 1914 8869 7941 307 5677
319 7264 6041 2062 3199 3116 7714 9104 3683 9297 1045 1531 9521 2666
290 3094 4734 4003 1261 2815 8257 4953 3029 6683 5582 5489 8325 4176
115 6642 7507 9232 15 2201 8619 2616 272 440 5631 5063 447
283 8903 920 6914 7066 1673 9409 885 472 8969 8185 8978 5385 8812
129 8979 998 2255 2397 1666 3056 1018 1857 1113 8220 9129
234 4097 7082 4759 408 3705 8727 2453 4235 9576 5485 7361 3630 3371
321 9575 1064 7279 8825 1723 368 5106 6191 9485 2248 9478 5457 776 6635
368 3614 6989 9838 8013 5031 2684 3796 9221 873 6734 8722
54 2206 7076 6274 1777 1893 7194 2879 2949 995 3950 7652
100 8537 3991 9672 8553 8888 1568 1432 1092 6381 3101 3232 7438
58 6878 7758 4513 8111 2700 6806 8190 5720 6479 9971 7684 5483 1383 9968
366 3502 9918 8137 697 612 708 1820 255 6679 7666 6137 3178 1642 3751 6369 9139
301 3333 9194 3229 6183 1409 2849 8162 5835 3147 3673 2260 9903
481 3455 1977 3070 7098 5280 5586 582 5999 7259 1353
76 216 7877 4375 4715 1905 8808 8114 5238 6448 5780 9337 4340 4020
473 4540 1237 7490 9246 883 4497 7530 2428 3791 7415 9868 1042
130 542 5327 8674 33 2675 2965 8120 6431 5461 330 1498 7049 6030
428 3613 8101 5476 1099 2869 5265 6351 8194 9496 6639 2114
456 5920 8415 5184 6275 2374 8492 1035 7040 954 3671 7064 9374
63 2229 4853 9530 8128 1819 4210 2332 7208 4104 8049 1059 5277 7575 3936
451 5882 3881 3817 1053 8127 7176 263 9732 6418 2292 9609 1542 4341
71 550 5713 1686 2423 895 3664 6300 9938 2594 3987 8252 4519 6035 6577 6173 139 7762
77 6619 9932 9248 6749 2353 9151 3015 3985 242 669 6484 8185 2439 3584 1774
154 4608 3860 7090 2741 2460 5636 3169 8181 4172 7542 2627 264 1336 6699 917 4314
339 9119 7128 390 4873 6463 2727 2990 1679 5654 8799 8667 9192 5860 6134
92 19 6567 2856 2379 7639 4655 8110 4470 4671 8173 1845 3581 4971 9688 139 6101
374 7546 589 6673 907 2843 9597 5599 6758 4636 7198 1134
144 448 9210 9807 653 341 9667 601 2536 4120 9314 5286 8462 1984
465 4250 810 3759 2022 610 483 4834 7035 7331 1173 6141
285 2441 3542 4322 7226 7594 4982 9772 7119 2029 7517
484 2217 8936 6278 2514 3378 3152 5798 938 4219 7355 5156
198 2350 3995 874 1998 595 4223 7801 1980 4298 3540 6054
471 6835 7417 9509 1445 3820 704 7472 8472 8435 8894 7199 7133
116 2172 3525 800 6850 4794 9458 2467 2452 9359 1719 2666 1299
135 7620 3953 9101 2287 7647 7850 8642 9553 5658 5340
59 7416 6246 5977 6783 7957 1835 1278 7257 524 5501 427
427 6811 9359 3941 4878 4308 1318 4403 6399 8656 3925 8709 8230 6898 4679
163 7017 8089 9021 6676 3957 7799 6321 4547 4662 406 8831 1248 2066 5557 6955 1139 2662 4314
242 1450 6641 2383 9340 3217 603 4865 1788 8592 9912 3725 6771 9129
482 5736 6080 1473 5428 2785 4677 6370 7130 5883 5834 6482
75 1274 147 9563 2745 9675 5749 6135 795 1884 7359 9831 9633 267 4664 8293 4199
118 657 9154 1521 2803 9111 7024 6791 3809 1832 9091 8696 9178 6827
302 4185 4709 2744 6664 7700 7406 9049 9549 6682 5989 9739 183
490 1295 3667 8425 7308 2888 9919 1626 8948 931 219 1585 2415 450
119 8113 491 5667 2357 5611 2823 789 4825 5880
275 9085 5197 8781 1313 8669 1848 3659 4074 9271 6576 9083 8167 6621 3023
384 666 373 8886 8945 436 5320 8950 702 7574 8756 6778
259 8146 3394 4875 4061 5876 9141 7268 8306 6854 4464 8818 1904 6584
496 8305 9534 4330 3624 8801 6023 3682 4015 912 5326
42 2558 7174 8490 6720 6432 7125 5127 6425 6717 9463 1625 321
383 6638 2933 9397 3695 5052 3641 7073 1284 8270 471 356 7856 6095 4311
224 1371 5297 1453 3682 744 5427 6208 3839 1227 1916 1570 1534
124 4976 5464 4427 7901 5068 5874 4033 3047 5127 6292 1552 7545 8491
485 9422 9847 3286 9304 3899 1783 3754 7444 8928 7364 5029 8470
455 4534 7407 3242 9954 8133 6614 2740 8530 8505 5352 3322 7624 2608 9979 4527
173 9774 3279 2680 918 2294 5631 293 1148 5199 3762 695 7845 5869
289 8676 9749 3410 514 8630 3649 4368 6539 1576 9575 6373 1869 8130
229 9053 2588 6316 5991 6291 5579 5350 8582 6744 3758
94 1556 6561 1108 5665 2243 678 1518 1275 4420 1784 3144 8125
257 916 5056 5200 9102 4011 6435 6529 6556 3878 284 7709
104 8546 8808 9142 7839 5823 23 3598 2496 5103 2058 3371 2121
381 8895 1228 9543 9695 6431 6996 281 4445 1292 6334 7426 3944 640 5307
204 4114 4747 7870 4663 2946 899 2839 1290 2752 8142 7756 9043 2340
416 6735 6686 13 1872 6959 5657 8796 806 5704 8206 1846 6790 7864
436 7097 7811 9674 7431 1708 2544 2280 2476 8203 3037 831 1273 183
445 3198 5538 1408 74 4655 5968 7884 7655 66 5129 1134
131 5332 7774 3127 6784 3971 6262 3100 52 1826 2877 239 1560 1774
294 1829 4316 1707 3490 5516 2183 214 347 6075 3215 9133 9658 6018 6842 2554 6102 6021
284 3270 5854 6449 7608 8364 9488 8436 942 343 9008 2413 6635 1979
98 9596 7211 9794 1608 718 5531 1491 5569 9750 691 6154 6841 3099 7628 3249 2732 1256 2986
296 1380 4370 1317 3735 1133 599 1332 2065 4289 6917 4529 1153 6030
227 8273 6274 8461 6828 9371 3886 3052 1907 4179 1673 4804 3408 7240
147 9717 7334 6760 8103 6947 9511 4209 2180 6406 6897 8274 7692 9219 5748
433 9128 7139 1813 2820 2728 422 22 5631 7113 2269 3064 6044
179 7775 3018 8728 6276 4076 6079 7216 4902 6163 64 8307 4437 4639 9545
479 5722 3067 5512 7207 1732 4242 8666 7794 1499 6451 2346 8722
117 6056 1439 6335 6818 586 7750 103 8921 7888 985 979
201 9890 6107 4551 6076 6619 8613 6148 8603 9960 6218 4855
495 5410 8457 4192 5972 9507 171 3298 6351 353 9185 1375 1328 8193
457 4247 3593 1679 5461 478 4721 3060 8035 9936 3296 7136 405 8716
258 8678 4390 8395 4166 5032 2895 3357 8083 9305 5848
329 4476 6738 6746 8077 5430 3445 8877 3016 768 950 3684 5250 4765
447 2940 1537 1440 5811 6127 4405 2126 7325 1962 2542 6797 1117
304 3284 5757 3771 5924 94 5109 9364 6583 7235 2464 8119 5670 8375 1534
315 2934 7529 4949 6740 6646 754 5047 2613 6739 5572 4034 5848
268 5148 7734 1413 8433 2985 6087 3524 4468 8824 4840 5119 4276 2183 707 1299
128 8588 1955 8670 714 7464 310 9170 5184 4438 1566 203 9806 3982
318 8984 3828 2448 8096 1974 3554 9100 210 4324 8787 6538
452 7058 578 1681 1816 717 8744 3621 3934 7151 6413 3597 4985
487 9812 7896 2094 8224 2214 9622 9998 7096 9972 1190 7586 5660 6790 3376
344 2758 1621 8450 4957 7827 535 1866 4167 2355 8858 220 7265 3051 352
367 3622 627 7348 947 1591 6267 547 767 8874 2013
141 7926 349 6223 9406 1369 3048 2130 6578 9041 4273 7715 5042 3752 8491
160 9827 6314 9012 5946 4294 4480 7633 3321 7881 3857 7069 1223 7699
103 6004 20 1954 377 2520 3199 8819 2295 1563 6623 5993 238 3982
64 3246 3983 2257 44 2266 3998 4032 6127 71 3927 6327 9968
355 4712 4334 4186 1033 7659 2044 4039 9034 5753 1860 8589 5219
330 6489 7497 2780 9861 8483 4560 8828 8363 2145 9551 654 5064
74 856 1715 5222 2605 2614 1746 546 2337 5593 77 7820 511 761 3012 1668
140 5942 9789 9312 438 5605 410 4472 9782 972 7524 9895 5294 5661 2842 782 979
312 5287 6294 5601 318 4761 1508 3854 2948 9075
269 8315 694 1439 6862 7291 2711 2737 4795 3663 9284 1363 2797 6755 2095 7 5507
320 3005 7776 3635 6764 5272 9946 7601 2622 3908 7452 3801 5917 3032
82 1061 1161 8200 9 2318 9030 3775 7784 1290 2793 2227 6281 9931 5962
84 8654 1656 6171 8672 7005 2607 4026 6634 4802 6697 2486 84 6613
342 7535 1225 7475 6736 1464 7181 401 2702 380 112 3507 5219
211 9763 9223 3452 3816 1494 5601 603 5958 8514 3049 1601 6547
322 8699 5685 7373 6706 8225 892 9760 207 8359 9329 5212 8387
97 3661 7761 9673 904 7836 5939 3031 1664 2621 6469 5525 7762
392 6217 1229 5282 4701 4125 3556 9179 2547 1625
85 479 7433 4721 705 6973 7869 7391 3500 2153 9115 1187 9114 5962
87 6088 4900 7493 2720 2648 3850 2917 6579 8354 5111 5677 2555
91 8815 9044 5982 3194 3370 3071 9703 5688 4941 679 6992 4136 9040 7219 9533
270 8510 3765 9588 6056 8999 9263 40 2697 4707 8069 9848
350 5858 3145 3705 1913 9562 3633 720 3983 109 3275 1430 560 7744 7240
358 5563 3739 9519 9122 8572 5378 4211 9722 4031 6569 6982 447
241 1837 1379 4363 3464 7844 6010 2767 1807 5235 6362 4035
402 5533 2789 331 2999 8560 2798 5537 7860 7217 8051 2349 6584
336 9595 7248 6394 8211 3287 1324 4638 9285 3748 7932 3836
353 3430 8444 6290 3109 7073 2244 553 9222 7390 4188 818 7007 1140 4400 6327
354 8324 5010 8712 1830 9472 2576 5527 593 6918 6190 5869
388 7461 1887 7270 9214 766 2364 1926 8714 8644
364 9405 5706 3461 8036 8464 807 8133 9094 8515 8219 4995 6074 5810 7709
357 6276 8959 1764 3026 3553 1911 2187 8720 7107 8807 2798 2970 6692
362 9346 828 8276 7377 180 5915 5744 1863 6463 8156 6547
187 9536 1270 4993 5395 3644 5724 8567 5077 6175 7347 2543 8282 2898 7438
390 8474 9988 8211 1851 9791 3777 8946 5260 9164 7739 7528 9637 6098 9367 569
396 3446 9527 5130 8403 3645 3699 5131 32 4080 6040 6563 7569 437 7304 719 5848
448 2338 6110 9532 808 859 4100 384 7251 2115 4977 5645 9199
343 6969 7609 9887 389 9778 1030 9936 4475 5039 8970 9659 7413
403 4386 316 2289 5999 8410 150 4891 9109 5651 8232 517 8431
369 5169 3038 4726 3744 7952 5398 5931 8305 2366 6737 7296
399 8954 5638 9077 3534 8347 4914 2931 8570 7401 4616 4429 8685 745
95 4265 4571 3241 6238 5289 7293 2196 5536 3337 9448 519 9474 8386 1117 9968
34 7148 2826 2562 8686 3679 9846 2273 5171 6548 9435 4421 9051 7057 6945 321
386 3292 5975 7991 6309 9042 6034 9523 9326 7371 4669 9904 991 7001 1299
159 7626 6488 5688 5231 4331 563 9153 1126 2639 6126 9169 3163 9244
400 9663 2282 6106 5058 5827 4344 1997 5221 6038 8930 2856 259
96 3503 5330 1603 1169 6990 1418 9817 9442 9710 2064 427
379 6474 568 3650 92 3201 7635 6017 1980 7012 1299
108 9897 6420 6022 87 328 1735 8192 3949 7521 3877
373 6409 9808 4002 4098 7504 7561 3053 5133 3600 5121 9740 8204 5316 5156 3830
112 6143 7818 1133 4792 4197 2351 5086 6522 1406 4658 4486 9010 7759 5412
410 5031 790 3040 8262 2742 2167 142 7132 6172 9464 3285 6101
208 8997 1654 9914 2168 5402 1855 8106 7389 2665 9646 1786 7658 5502 6464 3111 1774
138 845 3109 5929 8790 2372 101 2093 2119 3508 1457 1960 3827 3728 7762
404 9449 9679 6981 3909 7598 5684 8557 597 8228 4397 3750 7836 6924 8119 7795 4314
409 8975 273 2829 5393 4054 3711 4218 9038 2658 6734 1339 4901
405 9059 2427 6856 7965 3773 1854 8918 3592 7142 4641 5304 5099 7413
435 1804 9334 6437 3478 9469 4663 279 3654 2792 2699 7234 447
157 853 6559 798 5463 6845 8561 1621 2197 1049 1889 295 3103 9842
161 7357 4860 5738 7682 5217 8799 2390 1039 4178 7332 9327 3656 9461 3074
415 25 7500 3388 6700 2481 2195 8031 7473 8761 579 4602 6421 3032
189 172 4237 6164 7645 3115 5551 6512 9682 1968 2876 2416 1583 9347 4527 7699
162 6739 3383 8329 5941 5469 7327 1785 4552 3388 5840 566 4004 7950 7630 8235 9533
461 423 9482 1147 4704 5990 1182 4750 786 8320 4056 5857 8986 3043 8293
168 1243 8063 9923 7363 760 1423 9535 6405 999 1196 560 985 1454 4199
417 5723 6487 5220 1156 4651 5564 2167 8173 2369 8236 1381 5254 8135 4558 4531 4020
458 9786 3701 2582 8703 2061 8780 1503 6303 8789 759 1345 6503 269 5583 6021
205 1973 8868 1131 3531 3211 4614 7108 6119 5303 2545 3982
419 2447 4022 9433 5049 8719 7865 1460 6124 5743 8263 3582 6698 8134
209 9584 4537 1630 8376 563 9744 4143 3657 9331 9440 2650 8125
137 3091 6631 6460 1004 1020 8239 312 1471 5407 5059 1479 1973 2629 4439 1391 5899 3012
424 2122 4272 9517 5616 4998 8904 9218 3512 8149 1770 8218 8140 4855
472 3886 7503 1262 9809 8229 9783 8075 6121 4574 133 3757 7997
475 1756 8405 4853 7484 6337 2649 337 4289 670 2937 1351 4025 5855 2013
469 4777 2279 8739 7118 642 5101 1481 1558 1930 8800 2693 9719 6391 9215 2155
434 3421 5204 8834 624 1639 7052 5284 4510 490 1083 3032
442 1990 1527 7316 1499 7161 5884 8312 6211 1671 3719 7131 1123 4035
39 7047 5952 9251 5141 639 6774 1673 7494 10 3092 2288 5715
177 5956 2347 4630 9916 4227 777 6310 4710 9617 1920 413 4286 8125
111 8662 6696 8894 5629 3149 8659 3620 9459 1396 5377 302 9917 6036 7694 3836 2555
326 9786 1808 2777 9061 2405 1185 317 6136 9119 5416 776 8491
463 6874 735 7824 1578 8916 8750 9891 1177 6011 9086 8406
228 45 5594 8397 8734 9115 5147 3920 2910 2152 6157 951 7438
114 2369 1660 3462 6287 5312 7506 487 7387 4506 3195 527 8994
213 5904 9869 841 4028 2038 7368 133 6048 3088 9055 1027 366 1195 6416 1670 979
180 3142 9159 3690 3767 4952 2337 5498 9124 2382 9084 9540 8428 647 3877
145 8310 2034 9067 5868 2298 3471 3411 6186 5846 5453 9107 1763 9533
476 609 6032 8913 9963 9241 9927 5747 2289 9906 8401 1971 4068 3961 7413
60 2402 3557 1718 3467 1278 1342 7192 7510 6867 79
212 772 522 9229 4656 7578 5104 9974 842 2409 9245 1242 2986
251 309 9250 8909 2953 2806 5932 8628 4395 7556 5062 5386 7883
480 4411 8860 1218 1689 4894 6688 3315 181 1564 4717 8343 5507
489 8352 3930 4332 8941 5317 6261 5214 9143 6593 5779 3673 1752 8134
468 8740 8778 5017 971 8718 1467 754 6269 3588 8478 136 5387 8005
494 6146 8394 8971 195 5131 6348 969 7966 7262 4203 3236 6020 6327
286 3486 1188 9515 196 4322 5855 7552 1991 2705 7814 157 5748
148 2881 2317 9746 2604 2718 2825 4780 8040 4555 4512 9911 4698 4045 1668
332 7689 9093 9753 5792 2532 8952 9841 6045 2079 2388 5553 5980 4886 2121
345 7067 1257 9083 3000 3642 9318 736 6529 7024 4890 4095 1246 5880
43 2067 897 505 7460 1753 7766 8416 3045 7707 3251 4988 321
397 1823 2563 9424 2527 8956 9569 9745 3575 8766 5520 2278 5521 5152 9837 2175 9545
171 3917 2008 6995 6820 251 9845 4812 7083 9592 4711 3102 8832 7153
178 3228 2694 1099 4992 2579 542 9558 891 4529 7904 2790 935
149 3188 9078 7560 5490 856 1825 9127 1171 5487 7410 4531 9007
498 8433 6695 7225 3221 2827 845 2231 8520 5870 2590 5251 4108 7120
172 4657 7945 1743 591 3535 6185 493 5532 6507 7652
188 1151 6103 9206 265 2365 6140 6859 6979 5026 4487 4591 1672 7606 6071 7956 2828 8883 3144 2555
429 3300 9373 9016 7487 6777 114 6586 1544 7597 977 7439 2121
55 7665 6991 1070 533 3372 3096 594 9811 8617 3637 4086 8925 2962
184 6540 411 9192 2507 1347 7973 632 5686 4448 3835 7180 7688 3783 427
192 2655 6256 1461 3787 8252 1154 9225 1838 929 6656 2586 517 6687 9834 3012
194 2626 6096 9721 5177 1491 7835 7432 2614 3676 6120 2321 1353 2288
176 641 8730 3587 9122 6901 4938 9726 1993 6800 367 5307 8994
206 4920 5148 5338 5041 6254 8721 7201 1678 1240 8853 2491 1524 7949
216 9200 1021 3274 3887 319 9634 7080 1779 9313 3022 3376 5412
32 8241 4515 5213 9964 2982 2571 9353 3410 9468 5541 6360 3074 2962
199 4877 1414 1338 1084 5845 3627 7650 7315 2589 8911 7260 8934 1731 3012
219 6395 9154 6906 2236 7958 6393 2690 7271 7692 3784 1105 9244
389 9820 1062 5785 5244 986 5025 7967 6574 1968 709 6978 1774
214 3133 4022 9172 9181 2154 4268 4613 1279 9499 3457 6470 3936
420 8420 6557 826 2725 4300 9920 9278 5271 2235 1940 4997 2005 8491
230 4050 3437 4729 6944 5714 6654 1006 1097 4507 6644 3798 6895 5412
237 5330 2764 2524 1650 8086 1529 357 1514 6845 1969 9031 7200 7949
431 2006 9002 3272 795 1323 9694 5647 2495 8604 9360 2670 5762
449 1817 3034 7427 4290 4776 7027 6363 9274 1469 3596 7790 5762
47 9840 7399 4217 5310 6657 4246 277 2644 3975 5700 2125 6909 2643 79
215 6199 5918 4256 3648 5669 9994 8545 6923 3312 4937 8836 3207 935
236 16 7497 4334 2210 3890 5804 6356 2081 1646 836 6296 9842
220 2068 4010 7214 3350 8371 2782 5134 4935 973 57 2318 4385 3894
233 6176 9818 8358 4988 1072 7939 3808 4746 2173 8677 2908 138 2631 325 5643 3936
244 2273 489 6338 1927 3595 6331 5782 5481 9323 7233 3308 8017 3425 3174 8202 1391 4170 3074
221 9966 4961 1458 3154 2988 3419 7533 4751 7239 1651 7997 6613
239 3212 558 4379 8751 3529 5420 4925 882 1147 5499 3935 7212 1535 3533 3894
462 7382 3558 9710 2224 8469 2309 6750 1624 9333 5247 3146 5029 2643
235 3794 549 7074 9361 1967 9548 6764 1503 865 9842
260 5861 9261 5891 8010 1800 27 3130 4610 5740 1676 6760 3485 4069 8733 7949
491 9033 5892 7299 4482 7637 211 525 362 1572 1077 6313 7641 9898 6516 6625 7883
317 9566 2112 8321 6325 1727 6282 6653 2488 1836 6681 2707 9244
246 8768 4387 4814 4860 4049 4075 8659 6166 6968 3397 4170 6938
255 458 2755 7748 1638 5456 2164 5825 4798 9442 1262 4605 2857 6640 6196 6938
266 982 3461 6152 4499 351 8996 9542 1306 7486 7699
250 1462 3888 8243 326 8967 6603 2556 4408 1094 6187 3936
249 2804 1215 2992 3338 5429 69 645 2587 2291 8242 5548 867 8431 2288