100
0 4048 6052 97 91 949 2498 9 2334 24 14 425 2594 177 2482 110 12 1009 3160 82 26 242 1725 451 293 5246 152 677 30 3511 5136 31 166 2978 62
92 1884 1473 397 2556 4548 35 4577 1702 1847 115 3580 66 9204 43 2825 4366 893 663 543 130 1029 1125 742 109 1163 39 9455 1273 4313 197 3489 120
32 281 0 6 1 180 1368 34 505 3 186 104 11 2 4227 7 4 49 709 18 5 25 4040 3053 6614 8949 251 6779 6045 176 138 797
83 573 218 338 2020 4331 350 31 892 1857 825 919 833 27 331 77 119 7913 39 983 57 322 172 17 421 1227 670 66 1155 902 9770 1629 2304 28 9088 355
49 3 1 0 651 663 12 13 8088 2 5 112 84 4370 22 2665 15 4 3003 164 55 5275 443 42 48 111 142 9 6 2477 60 407 4148 327 473 19 114 2591 859 1671
28 7858 1023 39 720 95 411 6298 641 317 1715 274 41 456 471 2249 629 3764 1612 161 551 9974 28 3827 21 137 2873 59 104 453 173 270 1583 621
14 180 77 892 36 862 1390 246 1670 345 1010 399 440 291 899 858 153 60 3469 770 1653 881 3441 1044 4504 169 198 113 27 1521 850
48 0 55 89 4104 5850 1 1378 264 550 3 24 1866 2986 101 4685 148 99 70 2 134 8076 4474 3768 4 35 1902 6604 437 2619 4133 9 909 224 329 8 2153
72 1237 88 2388 1261 3350 2354 94 866 105 603 42 4270 1618 68 39 2245 53 8039 1035 63 680 1608 121 599 38 102 218 2555 6656
11 581 6997 92 945 215 16 3696 810 729 2250 115 9132 2455 667 763 101 23 375 134 6417 920 926 415 323 426 290 501 8185 233 404 2614
77 276 43 112 181 113 123 90 1373 97 405 264 6961 4716 5435 58 279 7231 1734 48 144 3574 124 851 5797 71 15 305 3884 342 4347
70 582 0 1257 151 2624 446 6 990 2862 8 82 203 17 18 57 34 46 315 2 158 3 809 33 10 5492 102 132 4 2033 76 501 9896 3600 204 1224 609 1365 1954
27 6200 294 612 546 1496 1522 862 412 634 7214 1500 732 8605 2309 225 409 339 1738 52 1698 3370 384 80 63 2492 2934 2152 5767 901 6795 2168 5644 120 1151 2873 5150
74 1357 2392 174 590 170 633 79 443 344 202 47 14 757 25 1990 431 289 41 631 2020 368 441 9140 1807 263 3686 9 26 16 118 487 1384
33 934 4241 430 21 5875 75 7304 125 44 542 12 117 8442 400 32 1097 227 4801 1049 705 1092 22 543 51 491 483 5759 30 49 3457 371 86 252 2848 3097
75 3804 2883 18 3124 1665 489 1845 2222 884 36 246 3195 191 56 487 113 64 25 342 34 91 210 281 38 174 916 1218 409 632 3878 616 8734
78 5855 3165 125 220 4999 49 2042 19 1197 156 518 744 16 59 157 75 422 5872 1158 198 1851 131 1060 168 223 57 1938 141 3407 6515 927 2707 355
53 244 33 3125 2300 1191 178 4667 12 1742 364 146 1545 34 3987 1729 164 1665 66 1534 30 807 43 6612 1338 57 7279 82 1106 584 3724 2319 1283 120 252 482 968
43 1484 227 1277 67 490 92 4726 149 213 1175 141 195 2201 69 75 2211 2063 150 596 214 127 239 38 4320 971 48 2842 4526 58 5209 1228 404 176
17 649 1545 891 30 1518 178 150 112 46 93 165 7 2 232 945 70 1062 125 994 19 256 17 66 2329 10 2955 236 1396 9400 1410 5621 69
9 284 24 595 2563 60 39 130 1380 86 269 94 12 29 91 8520 200 503 3369 250 2147 242 4672 38 1456 468 167 1398 237 22 731 272 542 73 7518 1395
44 5365 173 162 191 866 294 508 140 532 7648 3066 461 28 3098 2187 124 760 7211 1149 99 265 1307 211 185 373 6144 671 333 386 1620 364 2538 2732 440 8
64 33 0 1 6643 3 7192 5 962 2406 54 3972 21 6 42 50 15 5034 11 209 27 53 32 4938 6992 791 63 4 163 2568 1073 176 138
29 326 16 1627 143 139 352 6424 44 335 92 4111 510 383 513 793 1104 982 177 565 110 680 31 545 106 97 114 1768 3383 48 300 343 559 2339 1851 7109 926 84 290 665 869
73 609 4680 71 380 1232 115 37 5479 109 382 3528 23 16 197 95 753 172 589 9794 916 6410 2424 3166 20 309 686 369 840 13 26 257 3708 474 1055 1256 6057 6337 1077
37 16 30 52 1853 538 43 66 1358 2056 374 73 116 9786 88 81 25 463 513 15 8890 2014 1201 606 94 82 23 27 93 168 61 972 797
40 551 31 136 44 49 1332 1357 8407 232 24 3929 8733 56 2254 784 2454 10 53 2137 107 42 8332 8936 880 335 192 723 1346 716 325 7607 22 329 6698
98 8585 1474 133 438 4581 1166 644 425 7135 1567 267 70 248 352 36 113 7600 68 105 46 128 8438 4131 47 227 183 102 3684 1958 3849
90 526 11 3935 117 48 401 1104 131 109 168 757 1223 20 3320 352 2849 10 287 28 8355 338 19 27 66 6879 2683 4450 1052 3412 5489 47 26 997 5779 92 638 487 2371 8402 3248
31 514 44 170 6896 235 7342 46 151 133 135 509 513 117 50 5022 93 653 1014 301 114 403 1395 661 7509 229 356 2336 437 4098 204 9360 243 8 188 1442 604 3293 9890 725 867
79 72 726 6 281 538 44 75 3354 3526 112 257 837 199 3137 28 156 267 30 2019 669 6087 2527 4971 60 16 87 206 15 169 682 498 1861 19 8579 1459 1201 121
22 246 57 136 647 37 13 714 5848 271 60 1258 612 29 6357 103 1366 299 14 5582 17 530 501 7792 1251 127 52 26 39 806 392 8241 49 32 896 27 199 1310 9517 1290
7 96 0 2 40 442 3 11 24 462 205 47 4 173 89 157 22 822 6731 1 5 168 584 230 458 7 933 6 66 41 2045 843 28 2000 583
2 262 43 1953 5819 55 396 1181 20 80 1506 1948 54 14 257 155 69 9 5878 3141 32 356 151 194 1548 9977 63 132 5306 21 4089 1925 627 643 752 213 1787 4 1604 4848 5990
76 43 0 2 39 3 10 3228 16 27 455 5 22 103 128 245 11 3279 48 17 47 1 8 35 556 6 34 45 108 129 305 6288 155 869 2060 8095 900 867
50 817 49 11 34 414 33 83 7 202 210 37 30 103 6018 739 654 6005 151 40 1746 228 970 534 1066 104 1091 1932 8 18 445 59 29 1142 122 121 7086 2513 7624
5 0 439 48 452 262 5 11 3016 284 9 1 202 7574 1846 109 28 4790 582 12 37 1740 8 526 2 3 412 20 210 125 97 566 1263 1310
62 1106 3604 195 348 4 2853 158 2743 102 26 716 1246 19 500 8480 128 2076 95 255 157 1672 70 13 3246 625 380 2565 60 402 1391 75 2106 82 5626 6 6558 2292 712 69 1183 1173
45 43 338 5605 1393 65 113 21 83 30 11 1909 409 78 9609 5371 81 28 666 2730 417 2397 525 35 231 715 1312 544 240 16 4459 298 626 106 808 139 7876 42 6304
80 742 91 29 185 1001 4 81 19 84 304 15 271 432 139 64 1558 162 55 8 124 2205 74 14 65 844 3088 80 136 4468 1122 284 2003 7283 272 3070 650 41 1765 9675 199 224 229 442 737 2060 3244
24 842 1767 374 281 20 6176 3446 26 3047 452 186 1814 21 50 6405 7258 41 417 592 5960 1555 2654 1298 8324 2972 35 2033 24 8334 139 485
6 10 332 5014 164 112 77 2091 1610 43 214 31 1051 25 256 2951 4089 6044 498 58 2575 24 1826 197 65 2196 53 146 15 719 650 1213 16 17 76 2785 27 3756 2264 1502
25 71 230 201 65 2685 1328 46 2321 283 7706 479 8136 84 85 5346 2712 462 38 367 1307 393 261 888 81 5874 3125 1347 316 2413 68 147 1200 69
89 0 500 2051 2221 98 238 5 21 2 4 3 1757 227 23 10 7 77 218 351 1896 11 2987 1121 1318 9041 96 13 79 1 1340 485 9514 583
47 67 1119 245 8150 775 2266 1072 981 344 88 250 236 345 92 9134 15 4063 2193 9768 7463 253 153 338 3797 517 8006 746 9718 5108 1788 129 7893 158 155
81 2882 861 15 3458 272 1150 55 105 51 830 148 1865 402 121 37 9 309 645 1663 217 975 554 264 1000 232 960 12 23 7971 14 842 10 1506 22 900 268 2968 63 5921 2402
94 1037 209 7036 68 99 240 17 2428 1942 1072 87 590 4725 735 2847 454 763 89 525 53 954 7169 72 7093 9464 58 313 7811 114 1311 4820 445 961 2486
66 66 39 14 4129 7437 523 2219 20 13 85 1 337 169 11 7 1806 406 40 225 864 1141 1922 1102 723 176 556 280 1340 96 284 157 69 482
36 1990 6980 659 979 3374 9277 431 28 2447 5754 2037 2959 417 3639 209 41 1164 128 568 307 29 35 174 54 6946 18 409 48 724 1387 751 26 2849 4881 126 6656 554
88 3223 15 1071 21 6160 4479 8 2209 1808 76 1828 655 141 229 3814 158 155 238 25 8461 1110 1776 4329 452 7266 322 250 1462 3977 17 23 3022 610 98 13 720 1189 102 4171 1384
23 454 94 5893 759 4278 1710 346 435 42 3900 665 3274 67 7818 96 2202 633 247 83 3735 510 22 29 5278 215 318 8015 602 195 285 1352 3923 731
13 50 1156 33 1042 8 55 1948 233 53 1959 1438 3324 5834 1677 1152 107 46 1967 885 1105 25 1686 77 152 44 12 2664 276 2579 218 3700 138
41 4253 5 0 1 5226 425 99 1148 156 4 2 26 13 7 2735 53 41 10 51 9 2079 162 70 1368 340 8 290 7147 3 20 52 135 784 2748 781 121 1881 899
84 5 5872 533 25 180 95 289 302 715 512 1228 53 1577 102 528 249 142 2398 1992 3591 402 251 118 237 83 31 5817 331 1393 1466 105 426 155 708
38 5675 5144 65 231 82 498 3144 293 1325 5419 229 642 77 56 958 339 1628 9320 95 30 212 5512 49 907 147 6394 2095 125 1461 2220 1530 6990
51 0 1 9234 28 33 4 2 8783 9 213 6 23 4705 597 788 4606 288 966 78 14 13 22 2410 63 200 7 508 21 45 1728 17 159 24 725 334 1989 2420 27 2818 9365
8 137 9547 41 111 65 2878 34 110 1311 180 6359 50 252 74 7702 33 637 19 268 178 1039 1495 308 1845 53 751 333 70 1562 293 6504 4151 1516 3357 107
55 29 6 503 6463 1747 4493 370 91 25 3148 67 3643 13 185 94 163 64 81 1459 225 429 337 5769 990 254 71 78 285 6887 1263 1502 3244
67 3 46 3711 0 6259 472 95 309 2 9 519 4 77 6 90 138 2291 466 369 515 387 4977 51 43 12 806 1427 23 681 331 38 9886 4023 115 1663 9485 155 2713 1263 2264 2060
59 65 167 769 75 1011 111 203 31 125 725 8601 6408 93 3843 6238 225 2187 1429 64 39 1728 1264 1566 216 2295 2479 902 127 82 189 1412 5333 554
16 38 74 4848 303 6031 119 848 170 118 5429 4752 1315 21 1590 5222 380 167 51 331 50 3548 485 948 398 151 10 1576 1296 17 3500 1100 4362 2983 1021 332 9 45 1959 1985 63 355 176 184 4023
56 0 1 23 391 11 3 108 2 2431 18 2282 1913 2051 179 8114 44 799 6348 3796 34 7 8702 1697 8 5566 5 1591 22 62 9742 6 2451 4452 91 1075 5276 121 1184 4371
85 293 123 1756 174 9 676 1 95 938 187 656 99 7 219 2652 88 5641 951 101 2973 19 232 122 52 20 9442 6234 297 25 40 31 55 15 5 6729 2848
21 32 4 160 231 6015 1787 4642 4314 254 51 1697 17 64 34 3098 204 35 386 14 216 18 7 435 26 2365 1556 327 9664 6 79 86 501 1184 155 482 2264 4247
71 75 45 93 51 792 61 7607 4952 184 387 89 246 229 1599 1595 38 439 647 1994 641 8122 64 7167 76 376 67 680 692 165 998 97 148 88 140 5295 1334
63 49 570 447 283 3552 1019 395 232 4880 1402 9204 1169 1869 33 3222 7328 8395 78 7124 449 8969 13 210 1832 762 436 3778 4497 654 7088 934 1779 65 4364 1958
3 9 8733 68 244 433 11 0 81 4 4138 5350 2 3 21 207 33 161 1130 10 12 1593 651 2657 75 173 197 134 18 499 7 28 273 19 1888 554 3097
68 24 1 2517 76 168 59 16 2942 222 20 447 217 635 6 1407 1071 78 8466 6745 2378 3603 22 658 40 183 62 254 9355 1087 69 203 9710 236 554 138
10 1363 4 33 2 1390 836 2950 2628 559 9086 5638 1041 4372 628 338 419 505 0 224 476 544 130 2838 124 3 134 429 687 2842 371 139 355 583 1077
26 124 8947 4540 106 50 475 16 43 2359 1218 46 116 80 1303 958 6383 2811 45 1885 8773 704 3494 3423 1678 3866 3883 164 1349 18 796 37 321 907 1967 6481 120 968 138 5381
18 0 18 1687 286 2 3626 157 10 17 4781 178 56 33 1052 465 8703 939 242 35 362 3 6787 7557 720 1071 6475 325 275 2929 1243 51 28 138
61 128 1222 269 2146 7214 430 8 152 2628 965 6 1322 24 121 92 211 1058 108 2680 3000 4854 4299 1398 42 227 925 384 534 6552 419 8100 587 4102 7984
30 89 72 4915 465 55 180 421 56 4427 267 594 435 327 282 331 183 458 742 4221 969 512 959 501 57 2131 18 8296 116 243 36 491 4030 648 96 4881 1110 968
39 1 1251 322 94 701 189 99 13 6 9 2128 796 4 118 169 546 21 7593 3813 26 7 204 25 750 5 1481 2688 979 130 879 421 301 731 1671 5921
4 2132 21 1863 14 779 1843 157 1623 1956 375 19 2195 891 229 2706 3689 511 2098 3056 503 7687 941 1582 8401 9493 144 173 147 131 200 2052 54 742 3293 2791 24 139 152
95 6205 7287 8518 890 26 514 8428 7122 86 3946 222 319 2413 60 3175 20 862 392 5196 589 3769 1377 2460 55 818 22 2894 78 1679 482 69 3767
58 216 42 2115 7460 130 144 245 1813 2337 289 1007 412 52 539 530 56 3614 391 154 209 847 381 490 2498 433 1647 9894 1077 126 859
69 762 141 1593 1499 10 73 427 1883 1119 388 62 1279 358 109 8 17 8180 58 276 57 47 245 3561 756 3520 6767 2177 7231 7 1446 1061 119 99 8004 1628 3710 1522 224 542 1482 6165
34 128 15 936 175 14 760 18 396 6571 73 22 475 4895 294 121 1587 666 5 860 4596 168 366 7 688 2593 19 608 8355 1700 10 434 32 8806 20 196 152 1290 1737
1 10 5469 7013 2340 4589 123 279 17 1208 5561 52 7301 339 1512 774 16 13 2509 23 717 5820 5675 5414 15 2288 8 5046 41 882 179 568 93 1137 2841 2076 1290
15 1389 1230 4050 8741 889 170 238 22 1986 67 284 902 1105 108 103 1880 555 401 428 1033 154 3422 3994 61 297 201 35 88 389 3389
12 190 635 680 1406 292 632 7815 1566 481 3006 181 40 46 145 45 889 12 825 3577 83 950 37 757 6854 105 178 29 221 390 805 2810 135 1502 1310
19 618 26 6575 546 173 39 33 1629 516 90 40 200 4834 3871 130 374 9485 45 263 370 2605 9301 217 42 3509 3981 3095 556 259 37 8374 243 3106 6698 5926
93 4477 1402 2568 429 122 5120 375 567 1828 275 10 1271 70 3989 4162 325 6480 5604 174 9 244 1407 95 1506 58 750 611 947 457 1951 5526 2591
96 2 0 24 18 7884 236 50 1 492 5 72 3000 653 349 17 3 7155 3224 34 11 7 6 112 245 90 1621 25 9 8168 201 1807 45 46 316 10 131 120 356 671 7055
97 7593 475 1641 174 1563 20 503 734 54 79 298 104 2271 133 8010 143 334 35 450 1011 13 123 69 37 1166 4466 301 28 303 95 361 222 261 8388 1737
60 412 90 216 59 217 13 1449 69 176 2024 14 475 3559 2065 121 56 4240 53 912 758 226 2052 48 114 201 115 68 67 2562 4390 138 6402
99 58 118 38 3773 174 4539 6756 45 712 171 460 4788 4417 49 53 93 51 3794 414 3516 17 1228 68 1149 3127 745 479 79 138 74 7064 325 751 4672 442 2955 708
52 225 47 384 239 1601 4025 6514 6001 310 365 8 23 753 2190 4 3761 2327 29 5625 143 32 1361 1950 12 248 13 26 676 2088 145 2818 7895 243 859 193 126 1482 1310 3849
35 8973 272 419 297 23 1959 88 118 123 646 29 6137 108 64 9957 35 51 7718 235 3236 24 8 1752 7970 259 476 25 2239 483 1074 1909 7 8450
86 3223 6686 1606 493 697 388 33 192 2132 618 108 362 2261 377 825 3450 266 3591 178 73 548 798 61 1832 7094 573 659 6658 1484 149 249 968 1263
65 13 12 5 3 1966 7995 27 2610 0 11 10 722 29 102 47 1 6 2 835 97 23 104 8 127 65 82 402 7 15 98 332 76 52 982 436 277 3244 708 3975 138
82 8 1759 16 9711 1606 1937 32 59 5472 94 641 502 839 271 24 1424 61 718 101 165 355 1329 320 6037 1844 110 186 73 155 138 6656 3097 5526 3244
91 5242 447 854 379 3611 1902 889 640 43 1688 269 150 5513 44 7315 1221 10 1162 1090 996 1063 8019 693 306 3229 74 5850 1978 4183 244 69 176
54 12 140 101 266 115 130 1235 193 7685 1001 109 138 1134 168 6642 433 1048 4060 1532 4722 2587 90 24 48 51 270 3079 2199 6 3730 199 1495 3483 2848
20 2178 1283 115 188 7820 5127 57 34 56 660 3100 135 6 3249 425 409 2158 5063 307 227 15 21 6549 1397 1554 2380 14 4259 75 3642 84 67 51 255 7 285 63 184 138 709 900 1290 2153
57 153 2226 398 3171 51 1599 146 805 62 691 1318 5686 2072 40 5893 45 4652 1367 7482 6817 85 467 126 523 370 836 246 2700 4519 59 255 8016 587 117 7594 8034 2238 3975
87 36 101 8738 116 8600 27 756 1799 1558 159 257 4738 237 358 231 1265 600 8414 316 4460 288 2428 1579 19 61 2108 5359 32 965 422 38 22 184 138 708
46 9561 106 2355 289 539 1255 1663 1925 1212 87 223 493 198 5418 2021 906 8405 168 85 206 71 234 9663 834 499 78 209 1325 549 2238 2818 5482 1502
42 1 180 5 3624 54 1059 11 19 89 13 3609 4820 91 7208 56 1917 24 1486 162 1889 39 2514 378 147 248 282 4032 73 1438 665 7 28 708 1263